<?xml version="1.0" encoding="UTF-8"?>
<!-- Generated by org.testng.reporters.JUnitReportReporter -->
<testsuite skipped="0" hostname="BDC4-L-61062ND" name="com.sj.qa.tests.LaunchPageTest" tests="1" failures="0" timestamp="2020-05-14T17:21:15 IST" time="50.156" errors="0">
  <testcase name="validateSignupPageLinkTest" time="50.156" classname="com.sj.qa.tests.LaunchPageTest"/>
  <system-out/>
</testsuite> <!-- com.sj.qa.tests.LaunchPageTest -->
