<?xml version="1.0" encoding="UTF-8"?>
<!-- Generated by org.testng.reporters.JUnitReportReporter -->
<testsuite skipped="0" hostname="BDC4-L-61062ND" name="com.sj.qa.tests.SignupPageTest" tests="1" failures="0" timestamp="2020-05-14T19:12:09 IST" time="70.424" errors="0">
  <testcase name="validateMemberRegTest" time="70.424" classname="com.sj.qa.tests.SignupPageTest"/>
  <system-out/>
</testsuite> <!-- com.sj.qa.tests.SignupPageTest -->
