<?xml version="1.0" encoding="UTF-8"?>
<!-- Generated by org.testng.reporters.JUnitReportReporter -->
<testsuite skipped="0" hostname="BDC4-L-61062ND" name="com.crm.qa.tests.DemoTest" tests="1" failures="0" timestamp="2020-05-14T12:03:01 IST" time="78.457" errors="0">
  <testcase name="testDemo" time="78.457" classname="com.crm.qa.tests.DemoTest"/>
  <system-out/>
</testsuite> <!-- com.crm.qa.tests.DemoTest -->
